running egg_info
creating ../../build/ipc_ros_wrapper/ipc_ros_wrapper.egg-info
writing ../../build/ipc_ros_wrapper/ipc_ros_wrapper.egg-info/PKG-INFO
writing dependency_links to ../../build/ipc_ros_wrapper/ipc_ros_wrapper.egg-info/dependency_links.txt
writing entry points to ../../build/ipc_ros_wrapper/ipc_ros_wrapper.egg-info/entry_points.txt
writing requirements to ../../build/ipc_ros_wrapper/ipc_ros_wrapper.egg-info/requires.txt
writing top-level names to ../../build/ipc_ros_wrapper/ipc_ros_wrapper.egg-info/top_level.txt
writing manifest file '../../build/ipc_ros_wrapper/ipc_ros_wrapper.egg-info/SOURCES.txt'
reading manifest file '../../build/ipc_ros_wrapper/ipc_ros_wrapper.egg-info/SOURCES.txt'
writing manifest file '../../build/ipc_ros_wrapper/ipc_ros_wrapper.egg-info/SOURCES.txt'
running build
running build_py
creating /home/jay/ros_ws/build/ipc_ros_wrapper/build
creating /home/jay/ros_ws/build/ipc_ros_wrapper/build/lib
creating /home/jay/ros_ws/build/ipc_ros_wrapper/build/lib/ipc_ros_wrapper
copying ipc_ros_wrapper/dummy_publisher.py -> /home/jay/ros_ws/build/ipc_ros_wrapper/build/lib/ipc_ros_wrapper
copying ipc_ros_wrapper/ipc_wrapper.py -> /home/jay/ros_ws/build/ipc_ros_wrapper/build/lib/ipc_ros_wrapper
copying ipc_ros_wrapper/subscriber.py -> /home/jay/ros_ws/build/ipc_ros_wrapper/build/lib/ipc_ros_wrapper
copying ipc_ros_wrapper/__init__.py -> /home/jay/ros_ws/build/ipc_ros_wrapper/build/lib/ipc_ros_wrapper
running install
running install_lib
creating /home/jay/ros_ws/install/ipc_ros_wrapper/lib/python3.8/site-packages/ipc_ros_wrapper
copying /home/jay/ros_ws/build/ipc_ros_wrapper/build/lib/ipc_ros_wrapper/dummy_publisher.py -> /home/jay/ros_ws/install/ipc_ros_wrapper/lib/python3.8/site-packages/ipc_ros_wrapper
copying /home/jay/ros_ws/build/ipc_ros_wrapper/build/lib/ipc_ros_wrapper/ipc_wrapper.py -> /home/jay/ros_ws/install/ipc_ros_wrapper/lib/python3.8/site-packages/ipc_ros_wrapper
copying /home/jay/ros_ws/build/ipc_ros_wrapper/build/lib/ipc_ros_wrapper/subscriber.py -> /home/jay/ros_ws/install/ipc_ros_wrapper/lib/python3.8/site-packages/ipc_ros_wrapper
copying /home/jay/ros_ws/build/ipc_ros_wrapper/build/lib/ipc_ros_wrapper/__init__.py -> /home/jay/ros_ws/install/ipc_ros_wrapper/lib/python3.8/site-packages/ipc_ros_wrapper
byte-compiling /home/jay/ros_ws/install/ipc_ros_wrapper/lib/python3.8/site-packages/ipc_ros_wrapper/dummy_publisher.py to dummy_publisher.cpython-38.pyc
byte-compiling /home/jay/ros_ws/install/ipc_ros_wrapper/lib/python3.8/site-packages/ipc_ros_wrapper/ipc_wrapper.py to ipc_wrapper.cpython-38.pyc
byte-compiling /home/jay/ros_ws/install/ipc_ros_wrapper/lib/python3.8/site-packages/ipc_ros_wrapper/subscriber.py to subscriber.cpython-38.pyc
byte-compiling /home/jay/ros_ws/install/ipc_ros_wrapper/lib/python3.8/site-packages/ipc_ros_wrapper/__init__.py to __init__.cpython-38.pyc
running install_data
creating /home/jay/ros_ws/install/ipc_ros_wrapper/share/ament_index
creating /home/jay/ros_ws/install/ipc_ros_wrapper/share/ament_index/resource_index
creating /home/jay/ros_ws/install/ipc_ros_wrapper/share/ament_index/resource_index/packages
copying resource/ipc_ros_wrapper -> /home/jay/ros_ws/install/ipc_ros_wrapper/share/ament_index/resource_index/packages
copying package.xml -> /home/jay/ros_ws/install/ipc_ros_wrapper/share/ipc_ros_wrapper
running install_egg_info
Copying ../../build/ipc_ros_wrapper/ipc_ros_wrapper.egg-info to /home/jay/ros_ws/install/ipc_ros_wrapper/lib/python3.8/site-packages/ipc_ros_wrapper-0.0.0-py3.8.egg-info
running install_scripts
Installing dummy_publisher script to /home/jay/ros_ws/install/ipc_ros_wrapper/lib/ipc_ros_wrapper
Installing ipc_subscriber script to /home/jay/ros_ws/install/ipc_ros_wrapper/lib/ipc_ros_wrapper
writing list of installed files to '/home/jay/ros_ws/build/ipc_ros_wrapper/install.log'
